[info][12:54:48] - Express Initialized
[info][13:15:46] - Express Initialized
[info][13:15:46] - Your server is ready @ http://localhost:33334
[info][14:22:54] - Express Initialized
[info][14:22:54] - Your server is ready @ http://localhost:4000
[info][15:09:00] - Express Initialized
[info][15:09:00] - Your server is ready @ http://localhost:3000
[info][15:10:23] - Express Initialized
[info][15:10:23] - Your server is ready @ http://localhost:3000
[info][15:10:24] - tweet: RT @rhenzsalvador: Current goal: 

To work in FAANG. :) Hope I could do it too.

#Leetcode #100DaysOfCode #iosdeveloper #swift #ios #facebo…
[info][15:10:24] - tweet: RT @rhenzsalvador: Current goal: 

To work in FAANG. :) Hope I could do it too.

#Leetcode #100DaysOfCode #iosdeveloper #swift #ios #facebo…
[info][15:10:24] - tweet: RT @rhenzsalvador: Current goal: 

To work in FAANG. :) Hope I could do it too.

#Leetcode #100DaysOfCode #iosdeveloper #swift #ios #facebo…
[info][15:10:24] - tweet: Current goal: 

To work in FAANG. :) Hope I could do it too.

#Leetcode #100DaysOfCode #iosdeveloper #swift #ios… https://t.co/ffhOWYQY7H
[info][15:10:24] - tweet: RT @rhenzsalvador: LeetCode:
Split a String in Balanced String

I created a Stack DS, coz why not? Haha

#LeetCode #swift #100DaysOfCode {…
[info][15:10:24] - tweet: RT @rhenzsalvador: LeetCode:
Split a String in Balanced String

I created a Stack DS, coz why not? Haha

#LeetCode #swift #100DaysOfCode {…
[info][15:10:24] - tweet: LeetCode:
Split a String in Balanced String

I created a Stack DS, coz why not? Haha

#LeetCode #swift… https://t.co/3gobQpSZzN
[info][15:10:24] - tweet: RT @enjelhutasoit: “Timeframe &amp; Cost to Build a #MobileApp (2020)"

▪More: https://t.co/OM1NBR3d6J
▪Via: @hyperlinkinfo

#infographic #prog…
[info][15:10:24] - tweet: RT @enjelhutasoit: “Timeframe &amp; Cost to Build a #MobileApp (2020)"

▪More: https://t.co/OM1NBR3d6J
▪Via: @hyperlinkinfo

#infographic #prog…
[info][15:11:38] - Express Initialized
[info][15:11:38] - Your server is ready @ http://localhost:3000
[error][15:13:45] - Page not found
[info][15:13:45] - [0mGET /search/tweets [33m404[0m 46.835 ms - 14[0m

[info][15:14:03] - Express Initialized
[info][15:14:03] - Your server is ready @ http://localhost:3000
[error][15:14:08] - Page not found
[info][15:14:08] - [0mGET /search/tweets [33m404[0m 5.579 ms - 14[0m

[info][15:18:30] - Express Initialized
[info][15:18:30] - Your server is ready @ http://localhost:3000
[info][15:18:30] - tweet: Tasos, belleza llena de recuerdos y promesas https://t.co/XStKQ8zUmq #grecia #hotelesentasos #tasos https://t.co/x3JDCqV2NT
[info][15:18:30] - tweet: RT @memarchodeviaje: Tasos, belleza llena de recuerdos y promesas https://t.co/XStKQ8zUmq #grecia #hotelesentasos #tasos https://t.co/os6Gt…
[info][15:18:30] - tweet: Tasos, belleza llena de recuerdos y promesas https://t.co/XStKQ8zUmq #grecia #hotelesentasos #tasos https://t.co/os6GtOkHoc
[info][15:18:44] - Express Initialized
[info][15:18:44] - Your server is ready @ http://localhost:3000
[info][15:18:44] - tweet: @Ryanair remboursé moi ptn
[info][15:18:44] - tweet: @Markdolling @Ryanair Who cancelled the holiday?
[info][15:18:44] - tweet: @ryanair I need to be contacted please regarding my flights on Saturday, I have tried the website and calling with… https://t.co/vt4da4fJ0q
[info][15:18:44] - tweet: RT @lercionotizie: #LERCIOSTORY Campionati mondiali di cattiveria: Hannibal Lecter perde finale contro addetto al gate Ryanair - LEGGI L'AR…
[info][15:18:44] - tweet: @Ryanair continuing their unrivalled efforts in refusing to refund me after an hour on hold a 8 minute conversation… https://t.co/H9VZF6T1p3
[info][15:18:44] - tweet: @Ryanair I am tweeting you for the third time along with a number of DMs enquiring about the refund you owe to me.… https://t.co/MmxJGU3gYV
[info][15:18:44] - tweet: When your flight gets cancelled due to covid on the 2nd of July and you still haven't had your refund And @Ryanair… https://t.co/t5CNWtgHMN
[info][15:18:44] - tweet: RT @ssupky: ryanair rendez l’argent
[info][15:18:44] - tweet: Ryanair I need someone to call me ASAP regarding my flights on Saturday please
[info][15:18:44] - tweet: No te pierdas nuestra última visita a @Ryanair donde muchos de nuestros antiguos alumnos están trabajando y se han… https://t.co/KGUKMfOAgP
[info][15:18:44] - tweet: Miren quién se prendió haciendo chistes con Messi!!! @HANGARX @aviacionline https://t.co/MZr4i0hOwd
[info][15:18:44] - tweet: @Ryanair Refund hit my bank today for cancelled flight on 31st March! Now that wasn’t painful at all! 🙄 I hope this… https://t.co/iPrQvggqAH
[info][15:18:45] - tweet: RT @SpottersMelilla: #BuenosDias #FelizMiércoles
La fotografía nocturna... es otro mundo 🌍🌕
Nuestro socio @Nando_290175 practicando con el…
[info][15:18:45] - tweet: RT @lercionotizie: #LERCIOSTORY Campionati mondiali di cattiveria: Hannibal Lecter perde finale contro addetto al gate Ryanair - LEGGI L'AR…
[info][15:18:45] - tweet: @Ryanair la pire compagnie aérienne
[info][15:22:34] - Express Initialized
[info][15:22:34] - Your server is ready @ http://localhost:3000
[info][15:23:00] - Express Initialized
[info][15:23:00] - Your server is ready @ http://localhost:3000
[info][15:34:54] - Express Initialized
[info][15:34:54] - Your server is ready @ http://localhost:3000
[info][15:35:58] - Express Initialized
[info][15:35:58] - Your server is ready @ http://localhost:3000
[info][15:36:16] - Express Initialized
[info][15:36:16] - Your server is ready @ http://localhost:3000
[info][15:36:30] - Express Initialized
[info][15:36:30] - Your server is ready @ http://localhost:3000
[info][15:36:39] - Express Initialized
[info][15:36:40] - Your server is ready @ http://localhost:3000
[error][15:36:43] - Page not found
[info][15:36:43] - [0mGET /search/tweets?q=tasos [33m404[0m 7.600 ms - 14[0m

[error][15:36:55] - Page not found
[info][15:36:55] - [0mGET /api/search/tweets?q=tasos [33m404[0m 1.175 ms - 14[0m

[info][15:37:22] - Express Initialized
[info][15:37:22] - Your server is ready @ http://localhost:3000
[error][15:37:25] - Page not found
[info][15:37:25] - [0mGET /api/search/tweets?q=tasos [33m404[0m 4.382 ms - 14[0m

[info][15:37:39] - Express Initialized
[info][15:37:39] - Your server is ready @ http://localhost:3000
[info][15:37:42] - {
  "q": "tasos"
}
[info][15:37:46] - [0mGET /api/search/tweets?q=tasos [0m-[0m - ms - -[0m

[info][15:37:57] - Express Initialized
[info][15:37:57] - Your server is ready @ http://localhost:3000
[info][15:38:26] - Express Initialized
[info][15:38:26] - Your server is ready @ http://localhost:3000
[info][15:38:29] - {
  "q": "tasos"
}
[info][15:38:32] - [0mGET /api/search/tweets?q=tasos [0m-[0m - ms - -[0m

[info][15:56:36] - Express Initialized
[info][15:56:36] - Your server is ready @ http://localhost:3000
[info][16:06:33] - Express Initialized
[info][16:06:33] - Your server is ready @ http://localhost:3000
[info][16:06:41] - [0mGET /api/search/tweets?q=tasos [32m200[0m 559.656 ms - -[0m

[info][16:06:58] - Express Initialized
[info][16:06:58] - Your server is ready @ http://localhost:3000
[info][16:07:00] - [0mGET /api/search/tweets?q=tasos [32m200[0m 552.195 ms - -[0m

[info][16:07:08] - [0mGET /api/search/tweets?q=ryanair [32m200[0m 480.034 ms - -[0m

[info][16:44:40] - Express Initialized
[info][16:44:40] - Your server is ready @ http://localhost:3000
[info][16:44:45] - [0mGET /api/search/tweets?q=ryanair [32m200[0m 575.057 ms - 51[0m

[info][16:45:04] - Express Initialized
[info][16:45:04] - Your server is ready @ http://localhost:3000
[info][16:45:34] - Express Initialized
[info][16:45:34] - Your server is ready @ http://localhost:3000
[info][16:45:37] - [0mGET /api/search/tweets?q=ryanair [32m200[0m 435.404 ms - 51[0m

[info][16:45:57] - Express Initialized
[info][16:45:57] - Your server is ready @ http://localhost:3000
[info][16:45:59] - [0mGET /api/search/tweets?q=ryanair [32m200[0m 729.044 ms - -[0m

[info][16:46:49] - Express Initialized
[info][16:46:49] - Your server is ready @ http://localhost:3000
[info][16:46:52] - [0mGET /api/search/tweets?q=ryanair [32m200[0m 747.554 ms - 2[0m

[info][16:47:58] - Express Initialized
[info][16:47:58] - Your server is ready @ http://localhost:3000
[info][16:48:01] - tweet: RT @TheFlutterDevs: Flutter Gems - A Curated Package Guide for Flutter
Ashita Prasad create this interesting website that helps you find Fl…
[info][16:48:01] - tweet: Como instar atajos que no son de confianza o no están certificados en iPhone con iOS. 
✅https://t.co/HSgOR8jAWq✅… https://t.co/utknMgCUKd
[info][16:48:01] - tweet: LANÇAMENTO! O game oficial da SNK SAMURAI SHODOWN: The Legend of Samurai já está disponível. Confira a gameplay e b… https://t.co/17HEwCSrEO
[info][16:48:01] - tweet: 5G Network Test Results #apple #iphone12 #5gnetwork #ios https://t.co/32XoQvIKEc
[info][16:48:01] - tweet: RT @Axellvak: Approaching dusk 🌄

Beautiful 2k &amp; 5k Scenery

Available Next week✌🏻

Remy Loz Signature 
✨
#handcrafted #lockscreen #ios #ho…
[info][16:48:01] - tweet: | One share to 224: How Apple stock has grown in terms of gas, milk, and Macs | #iphone | #ios | #mobilesecurity https://t.co/EO5xhHJ5aq
[info][16:48:01] - tweet: RT @_RyanBenson: #DailyDFIR 238: Interested in setting up a serious test lab for mobile forensics? @cScottVance has a nice post exploring p…
[info][16:48:01] - tweet: RT @Axellvak: Approaching dusk 🌄

Beautiful 2k &amp; 5k Scenery

Available Next week✌🏻

Remy Loz Signature 
✨
#handcrafted #lockscreen #ios #ho…
[info][16:48:01] - tweet: Kindly visit this blog guys
=================

https://t.co/BgKmTsAusY

====================================

#SEO… https://t.co/f02ohkAzlF
[info][16:48:01] - tweet: RT @CoupleOfGamer: Nouvelle collaboration entre WAR OF THE VISIONS FINAL FANTASY BRAVE EXVIUS et FINAL FANTASY TACTICS
https://t.co/ZHB99PI…
[info][16:48:01] - tweet: Download Miji - Cartoon Version Of You today to create the best cartoons of yourself! Take a selfie and look as pre… https://t.co/ZtnmgHt5ZD
[info][16:48:01] - tweet: Approaching dusk 🌄

Beautiful 2k &amp; 5k Scenery

Available Next week✌🏻

Remy Loz Signature 
✨
#handcrafted… https://t.co/AJEyUC4dMx
[info][16:48:01] - tweet: Mac4Ever : iOS 14 : les utilisateurs pourront noter des lieux et télécharger leurs photos sur Plans #iOS https://t.co/YcKRJ4WtrB
[info][16:48:01] - tweet: RT @ymt3d: Nomad Sculpt - タブレットやモバイル端末で本格3Dスカルプトが可能！iOS＆Android向けアプリが登場！ 
https://t.co/WdvRZSVajP 
#3dnchu #NomadSculpt #ios #android https…
[info][16:48:01] - tweet: RT @abylight: Look at the gif: 🍩 those are the donuts and Donatsu the ninja on their way to #iOS!
@abylight and @DummyDojo are teaming up t…
[info][16:48:22] - Express Initialized
[info][16:48:23] - Your server is ready @ http://localhost:3000
[info][16:48:27] - [0mGET /api/search/tweets?q=ryanair [32m200[0m 732.250 ms - -[0m

[info][16:49:28] - Express Initialized
[info][16:49:28] - Your server is ready @ http://localhost:3000
[info][16:49:31] - [0mGET /api/search/tweets?q=ryanair [32m200[0m 432.257 ms - 66[0m

[info][16:49:44] - Express Initialized
[info][16:49:44] - Your server is ready @ http://localhost:3000
[info][16:49:47] - [0mGET /api/search/tweets?q=ryanair [32m200[0m 683.959 ms - -[0m

[info][16:50:24] - Express Initialized
[info][16:50:24] - Your server is ready @ http://localhost:3000
[info][17:04:43] - Express Initialized
[info][17:04:43] - Your server is ready @ http://localhost:3000
[info][17:05:19] - Express Initialized
[info][17:05:19] - Your server is ready @ http://localhost:3000
[info][17:05:31] - Express Initialized
[info][17:05:31] - Your server is ready @ http://localhost:3000
[info][17:05:34] - Express Initialized
[info][17:05:34] - Your server is ready @ http://localhost:3000
[info][17:06:53] - Express Initialized
[info][17:06:53] - Your server is ready @ http://localhost:3000
[info][17:07:01] - [0mGET /api/search/tweets?q=ryanair [32m200[0m 830.097 ms - -[0m

[info][17:07:12] - Express Initialized
[info][17:07:12] - Your server is ready @ http://localhost:3000
[info][17:07:55] - Express Initialized
[info][17:07:55] - Your server is ready @ http://localhost:3000
[info][17:08:01] - Express Initialized
[info][17:08:01] - Your server is ready @ http://localhost:3000
[info][17:08:04] - Express Initialized
[info][17:08:04] - Your server is ready @ http://localhost:3000
[info][17:08:35] - Express Initialized
[info][17:08:35] - Your server is ready @ http://localhost:3000
[info][17:08:44] - Express Initialized
[info][17:08:44] - Your server is ready @ http://localhost:3000
[info][17:08:49] - Express Initialized
[info][17:08:49] - Your server is ready @ http://localhost:3000
[info][17:08:58] - Express Initialized
[info][17:08:59] - Your server is ready @ http://localhost:3000
[info][17:09:01] - [0mGET /api/search/tweets?q=ryanair [32m200[0m 723.070 ms - -[0m

[info][17:09:57] - Express Initialized
[info][17:09:57] - Your server is ready @ http://localhost:3000
[info][21:32:34] - Express Initialized
[info][21:32:34] - Your server is ready @ http://localhost:3000
[info][21:35:37] - Express Initialized
[info][21:35:37] - Your server is ready @ http://localhost:3000
[info][21:35:41] - [0mGET /api/search/tweets?q=ryanair [32m200[0m 875.575 ms - -[0m

[info][21:43:05] - Express Initialized
[info][21:43:05] - Your server is ready @ http://localhost:3000
[info][21:44:05] - Express Initialized
[info][21:44:05] - Your server is ready @ http://localhost:3000
[info][21:44:43] - Express Initialized
[info][21:44:43] - Your server is ready @ http://localhost:3000
[info][21:45:10] - Express Initialized
[info][21:45:10] - Your server is ready @ http://localhost:3000
[info][21:45:55] - Express Initialized
[info][21:45:55] - Your server is ready @ http://localhost:3000
[info][21:46:04] - Express Initialized
[info][21:46:04] - Your server is ready @ http://localhost:3000
[info][21:46:31] - Express Initialized
[info][21:46:31] - Your server is ready @ http://localhost:3000
[info][21:47:08] - Express Initialized
[info][21:47:08] - Your server is ready @ http://localhost:3000
[info][21:48:15] - Express Initialized
[info][21:48:15] - Your server is ready @ http://localhost:3000
[info][21:48:26] - Express Initialized
[info][21:48:26] - Your server is ready @ http://localhost:3000
[info][21:49:07] - Express Initialized
[info][21:49:07] - Your server is ready @ http://localhost:3000
[info][21:49:22] - Express Initialized
[info][21:49:22] - Your server is ready @ http://localhost:3000
[info][21:50:23] - Express Initialized
[info][21:50:23] - Your server is ready @ http://localhost:3000
[info][21:50:54] - Express Initialized
[info][21:50:54] - Your server is ready @ http://localhost:3000
[info][21:50:58] - Start constructing tweets
[info][21:51:26] - Express Initialized
[info][21:51:26] - Your server is ready @ http://localhost:3000
[info][21:51:29] - Start constructing tweets
[info][21:51:29] - [0mGET /api/search/tweets?q=ryanair [32m200[0m 680.645 ms - 59[0m

[info][22:05:45] - Express Initialized
[info][22:05:45] - Your server is ready @ http://localhost:3000
[info][22:25:07] - Express Initialized
[info][22:25:07] - Your server is ready @ http://localhost:3000
[info][22:25:19] - Express Initialized
[info][22:25:19] - Your server is ready @ http://localhost:3000
[info][22:26:03] - Express Initialized
[info][22:26:03] - Your server is ready @ http://localhost:3000
[info][22:26:29] - Express Initialized
[info][22:26:29] - Your server is ready @ http://localhost:3000
[info][22:27:00] - Express Initialized
[info][22:27:00] - Your server is ready @ http://localhost:3000
[info][22:27:11] - Express Initialized
[info][22:27:11] - Your server is ready @ http://localhost:3000
[info][22:27:27] - Express Initialized
[info][22:27:27] - Your server is ready @ http://localhost:3000
[info][22:28:00] - Express Initialized
[info][22:28:00] - Your server is ready @ http://localhost:3000
[info][22:31:26] - Express Initialized
[info][22:31:26] - Your server is ready @ http://localhost:3000
[info][22:31:36] - Express Initialized
[info][22:31:36] - Your server is ready @ http://localhost:3000
[info][22:32:23] - Express Initialized
[info][22:32:23] - Your server is ready @ http://localhost:3000
[info][22:32:50] - Express Initialized
[info][22:32:50] - Your server is ready @ http://localhost:3000
[info][22:32:56] - Start constructing tweets
[info][22:33:54] - Express Initialized
[info][22:33:54] - Your server is ready @ http://localhost:3000
[info][22:34:05] - Express Initialized
[info][22:34:06] - Your server is ready @ http://localhost:3000
[info][22:34:07] - Start constructing tweets
[info][22:34:07] - {
  "created_at": "Wed Aug 26 19:33:02 +0000 2020",
  "id": 1298705027868090400,
  "id_str": "1298705027868090371",
  "text": "RT @ShannonToomeyx: @Ryanair you fucking robbing cock gobblers",
  "truncated": false,
  "entities": {
    "hashtags": [],
    "symbols": [],
    "user_mentions": [
      {
        "screen_name": "ShannonToomeyx",
        "name": "Shannon Toomey",
        "id": 42389860,
        "id_str": "42389860",
        "indices": [
          3,
          18
        ]
      },
      {
        "screen_name": "Ryanair",
        "name": "Ryanair",
        "id": 1542862735,
        "id_str": "1542862735",
        "indices": [
          20,
          28
        ]
      }
    ],
    "urls": []
  },
  "metadata": {
    "iso_language_code": "en",
    "result_type": "recent"
  },
  "source": "<a href=\"http://twitter.com/download/iphone\" rel=\"nofollow\">Twitter for iPhone</a>",
  "in_reply_to_status_id": null,
  "in_reply_to_status_id_str": null,
  "in_reply_to_user_id": null,
  "in_reply_to_user_id_str": null,
  "in_reply_to_screen_name": null,
  "user": {
    "id": 282504579,
    "id_str": "282504579",
    "name": "emma toomey",
    "screen_name": "emmatoomeyx",
    "location": "swindon",
    "description": "build a zoot, then build an empire",
    "url": null,
    "entities": {
      "description": {
        "urls": []
      }
    },
    "protected": false,
    "followers_count": 314,
    "friends_count": 393,
    "listed_count": 1,
    "created_at": "Fri Apr 15 10:10:37 +0000 2011",
    "favourites_count": 3696,
    "utc_offset": null,
    "time_zone": null,
    "geo_enabled": true,
    "verified": false,
    "statuses_count": 7989,
    "lang": null,
    "contributors_enabled": false,
    "is_translator": false,
    "is_translation_enabled": false,
    "profile_background_color": "C0DEED",
    "profile_background_image_url": "http://abs.twimg.com/images/themes/theme1/bg.png",
    "profile_background_image_url_https": "https://abs.twimg.com/images/themes/theme1/bg.png",
    "profile_background_tile": true,
    "profile_image_url": "http://pbs.twimg.com/profile_images/907955829378355200/37rZY0qD_normal.jpg",
    "profile_image_url_https": "https://pbs.twimg.com/profile_images/907955829378355200/37rZY0qD_normal.jpg",
    "profile_banner_url": "https://pbs.twimg.com/profile_banners/282504579/1566333003",
    "profile_link_color": "0084B4",
    "profile_sidebar_border_color": "C0DEED",
    "profile_sidebar_fill_color": "DDEEF6",
    "profile_text_color": "333333",
    "profile_use_background_image": true,
    "has_extended_profile": true,
    "default_profile": false,
    "default_profile_image": false,
    "following": null,
    "follow_request_sent": null,
    "notifications": null,
    "translator_type": "none"
  },
  "geo": null,
  "coordinates": null,
  "place": null,
  "contributors": null,
  "retweeted_status": {
    "created_at": "Wed Aug 26 19:31:22 +0000 2020",
    "id": 1298704612061597700,
    "id_str": "1298704612061597696",
    "text": "@Ryanair you fucking robbing cock gobblers",
    "truncated": false,
    "entities": {
      "hashtags": [],
      "symbols": [],
      "user_mentions": [
        {
          "screen_name": "Ryanair",
          "name": "Ryanair",
          "id": 1542862735,
          "id_str": "1542862735",
          "indices": [
            0,
            8
          ]
        }
      ],
      "urls": []
    },
    "metadata": {
      "iso_language_code": "en",
      "result_type": "recent"
    },
    "source": "<a href=\"http://twitter.com/download/iphone\" rel=\"nofollow\">Twitter for iPhone</a>",
    "in_reply_to_status_id": null,
    "in_reply_to_status_id_str": null,
    "in_reply_to_user_id": 1542862735,
    "in_reply_to_user_id_str": "1542862735",
    "in_reply_to_screen_name": "Ryanair",
    "user": {
      "id": 42389860,
      "id_str": "42389860",
      "name": "Shannon Toomey",
      "screen_name": "ShannonToomeyx",
      "location": "",
      "description": "God sent me to piss the world off.",
      "url": null,
      "entities": {
        "description": {
          "urls": []
        }
      },
      "protected": false,
      "followers_count": 332,
      "friends_count": 176,
      "listed_count": 1,
      "created_at": "Mon May 25 11:27:36 +0000 2009",
      "favourites_count": 1225,
      "utc_offset": null,
      "time_zone": null,
      "geo_enabled": true,
      "verified": false,
      "statuses_count": 5724,
      "lang": null,
      "contributors_enabled": false,
      "is_translator": false,
      "is_translation_enabled": false,
      "profile_background_color": "C0DEED",
      "profile_background_image_url": "http://abs.twimg.com/images/themes/theme1/bg.png",
      "profile_background_image_url_https": "https://abs.twimg.com/images/themes/theme1/bg.png",
      "profile_background_tile": false,
      "profile_image_url": "http://pbs.twimg.com/profile_images/1062684621815595008/Aw2E2tSj_normal.jpg",
      "profile_image_url_https": "https://pbs.twimg.com/profile_images/1062684621815595008/Aw2E2tSj_normal.jpg",
      "profile_banner_url": "https://pbs.twimg.com/profile_banners/42389860/1410793088",
      "profile_link_color": "1DA1F2",
      "profile_sidebar_border_color": "C0DEED",
      "profile_sidebar_fill_color": "DDEEF6",
      "profile_text_color": "333333",
      "profile_use_background_image": true,
      "has_extended_profile": true,
      "default_profile": true,
      "default_profile_image": false,
      "following": null,
      "follow_request_sent": null,
      "notifications": null,
      "translator_type": "none"
    },
    "geo": null,
    "coordinates": null,
    "place": null,
    "contributors": null,
    "is_quote_status": false,
    "retweet_count": 1,
    "favorite_count": 1,
    "favorited": false,
    "retweeted": false,
    "lang": "en"
  },
  "is_quote_status": false,
  "retweet_count": 1,
  "favorite_count": 0,
  "favorited": false,
  "retweeted": false,
  "lang": "en"
}
[info][22:34:07] - user.id
[info][22:35:04] - Express Initialized
[info][22:35:04] - Your server is ready @ http://localhost:3000
[info][22:35:10] - Express Initialized
[info][22:35:10] - Your server is ready @ http://localhost:3000
[info][22:35:14] - Start constructing tweets
[info][22:35:42] - Express Initialized
[info][22:35:42] - Your server is ready @ http://localhost:3000
[info][22:46:37] - Express Initialized
[info][22:46:38] - Your server is ready @ http://localhost:3000
[info][22:46:44] - Express Initialized
[info][22:46:45] - Your server is ready @ http://localhost:3000
[info][22:48:40] - Express Initialized
[info][22:48:40] - Your server is ready @ http://localhost:3000
[info][22:48:48] - Express Initialized
[info][22:48:49] - Your server is ready @ http://localhost:3000
[info][22:48:53] - Start constructing tweets
[info][22:48:53] - [0mGET /api/search/tweets?q=ryanair [32m200[0m 871.995 ms - 434[0m

[info][22:49:16] - Express Initialized
[info][22:49:16] - Your server is ready @ http://localhost:3000
[info][22:49:19] - Start constructing tweets
[info][22:49:19] - [0mGET /api/search/tweets?q=ryanair [32m200[0m 848.176 ms - 320[0m

[info][23:34:05] - Express Initialized
[info][23:34:05] - Your server is ready @ http://localhost:3000
[info][23:34:14] - Express Initialized
[info][23:34:14] - Your server is ready @ http://localhost:3000
[info][23:34:49] - Express Initialized
[info][23:34:49] - Your server is ready @ http://localhost:3000
[info][23:35:53] - Express Initialized
[info][23:35:53] - Your server is ready @ http://localhost:3000
[info][23:37:02] - Express Initialized
[info][23:37:02] - Your server is ready @ http://localhost:3000
[info][23:37:47] - Express Initialized
[info][23:37:47] - Your server is ready @ http://localhost:3000
[info][23:38:19] - Express Initialized
[info][23:38:19] - Your server is ready @ http://localhost:3000
[info][23:43:03] - Express Initialized
[info][23:43:03] - Your server is ready @ http://localhost:3000
[info][23:45:52] - Express Initialized
[info][23:45:52] - Your server is ready @ http://localhost:3000
[info][23:48:25] - Express Initialized
[info][23:48:25] - Your server is ready @ http://localhost:3000
[info][23:51:00] - Express Initialized
[info][23:51:00] - Your server is ready @ http://localhost:3000
[info][23:51:28] - Express Initialized
[info][23:51:28] - Your server is ready @ http://localhost:3000
[info][23:51:37] - Express Initialized
[info][23:51:37] - Your server is ready @ http://localhost:3000
[info][23:52:06] - Express Initialized
[info][23:52:06] - Your server is ready @ http://localhost:3000
[info][23:52:21] - Start constructing tweets
[info][23:52:21] - [0mGET /api/search/tweets?q=ryanair [32m200[0m 985.340 ms - -[0m

[info][23:53:01] - Express Initialized
[info][23:53:01] - Your server is ready @ http://localhost:3000
[info][23:53:19] - Express Initialized
[info][23:53:19] - Your server is ready @ http://localhost:3000
[info][23:53:31] - Start constructing tweets
[info][23:53:31] - [0mGET /api/search/tweets?q=ryanair [32m200[0m 738.835 ms - -[0m

[info][23:53:54] - Express Initialized
[info][23:53:54] - Your server is ready @ http://localhost:3000
[info][23:54:31] - Start constructing tweets
[info][23:54:31] - [0mGET /api/search/tweets?q=ryanair [32m200[0m 969.390 ms - -[0m

[info][09:37:36] - Express Initialized
[info][09:37:36] - Your server is ready @ http://192.168.1.19:33334
[info][09:41:08] - Start constructing tweets
[info][09:41:08] - [0mGET /api/search/tweets?q=ryanair [32m200[0m 958.409 ms - -[0m

[info][09:41:09] - Start constructing tweets
[info][09:41:09] - [0mGET /api/search/tweets?q=ryanair [32m200[0m 726.681 ms - -[0m

